[2025-09-18 14:38:37,418] 1025 httpx - INFO - HTTP Request: GET https://dagshub.com/api/v1/user "HTTP/1.1 200 OK"
[2025-09-18 14:38:37,422] 107 dagshub - INFO - Accessing as nasim-raj-laskar
[2025-09-18 14:38:38,177] 1025 httpx - INFO - HTTP Request: GET https://dagshub.com/api/v1/repos/nasim-raj-laskar/Net-Sec "HTTP/1.1 200 OK"
[2025-09-18 14:38:38,859] 1025 httpx - INFO - HTTP Request: GET https://dagshub.com/api/v1/user "HTTP/1.1 200 OK"
[2025-09-18 14:38:38,861] 107 dagshub - INFO - Initialized MLflow to track repo "nasim-raj-laskar/Net-Sec"
[2025-09-18 14:38:38,862] 107 dagshub - INFO - Repository nasim-raj-laskar/Net-Sec initialized!
[2025-09-18 14:38:38,863] 22 root - INFO - Initiate the data ingestion
[2025-09-18 14:38:42,481] 74 root - INFO - Performed train test split on the dataframe
[2025-09-18 14:38:42,481] 75 root - INFO - Exited split_data
[2025-09-18 14:38:42,482] 79 root - INFO - Created directory Artifact\09_18_2025_14_38_33\data_ingestion\ingested
[2025-09-18 14:38:42,526] 84 root - INFO - Saved training and testing data
[2025-09-18 14:38:42,527] 24 root - INFO - Initiate the data vaingestion completedn
[2025-09-18 14:38:42,531] 30 root - INFO - Initiate the data validation
[2025-09-18 14:38:42,582] 31 root - INFO - Number of columns  2
[2025-09-18 14:38:42,582] 32 root - INFO - Dataframe has column:31
[2025-09-18 14:38:42,582] 31 root - INFO - Number of columns  2
[2025-09-18 14:38:42,582] 32 root - INFO - Dataframe has column:31
[2025-09-18 14:38:42,707] 32 root - INFO - Initiate the data validation completed
[2025-09-18 14:38:42,708] 24 root - INFO - >>>>>>>>>>>>>>>>>>>>>>>>>>>>>>>>>>>>>>>> Data Transformation <<<<<<<<<<<<<<<<<<<<<<<<<<<<<<<<<<<<<<<<
[2025-09-18 14:38:42,708] 38 root - INFO - Initiate the data transformation
[2025-09-18 14:38:42,708] 55 root - INFO - Entered initiate_data_transformation method
[2025-09-18 14:38:42,708] 57 root - INFO - Obtaining preprocessing object.
[2025-09-18 14:38:42,757] 44 root - INFO - Entered get_data_transformer_object method
[2025-09-18 14:38:42,757] 47 root - INFO - Created KNN Imputer object{'missing_values': nan, 'n_neighbors': 3, 'weights': 'uniform'}
[2025-09-18 14:38:42,757] 49 root - INFO - Created knn imputer object
[2025-09-18 14:38:42,777] 57 root - INFO - Entered the save_object method of MAinutils class
[2025-09-18 14:38:42,779] 61 root - INFO - Exited the save_object method of MAinutils class
[2025-09-18 14:38:42,780] 57 root - INFO - Entered the save_object method of MAinutils class
[2025-09-18 14:38:42,783] 61 root - INFO - Exited the save_object method of MAinutils class
[2025-09-18 14:38:42,783] 40 root - INFO - Initiate the data transformation completed
[2025-09-18 14:38:42,784] 44 root - INFO - Initiate MOdel Training
[2025-09-18 14:38:48,672] 108 root - INFO - Model name: Random Forest
[2025-09-18 14:38:48,818] 108 root - INFO - Model name: Decision Tree
[2025-09-18 14:42:15,203] 108 root - INFO - Model name: Gradient Boosting
[2025-09-18 14:42:15,347] 108 root - INFO - Model name: Logistic Regression
[2025-09-18 14:42:39,471] 108 root - INFO - Model name: AdaBoost Classifier
[2025-09-18 14:43:12,241] 57 root - INFO - Entered the save_object method of MAinutils class
[2025-09-18 14:43:12,242] 61 root - INFO - Exited the save_object method of MAinutils class
[2025-09-18 14:43:12,242] 57 root - INFO - Entered the save_object method of MAinutils class
[2025-09-18 14:43:12,251] 61 root - INFO - Exited the save_object method of MAinutils class
[2025-09-18 14:43:12,251] 133 root - INFO - Model trainer artifact: ModelTrainerArtifact(trained_model_file_path='Artifact\\09_18_2025_14_38_33\\model_trainer\\trained_model\\model.pkl', train_metric_artifact=ClassificationMetricArtifact(f1_score=0.9915014164305949, precision_score=0.9885011095420617, recall_score=0.9945199918814694), test_metric_artifact=ClassificationMetricArtifact(f1_score=0.9759229534510433, precision_score=0.9635499207606973, recall_score=0.9886178861788618))
[2025-09-18 14:43:12,253] 48 root - INFO - Initiate MOdel Training completed
